2019-08-06 00:03:47,185 INFO [scheduling-1] o.l.litemall.admin.job.OrderJob [OrderJob.java : 46] 系统开启任务检查订单是否已经超期自动取消订单
2019-08-06 00:03:47,193 DEBUG [scheduling-1] o.l.l.d.d.L.selectByExample [BaseJdbcLogger.java : 159] ==>  Preparing: select id, user_id, order_sn, order_status, consignee, mobile, address, message, goods_price, freight_price, coupon_price, integral_price, groupon_price, order_price, actual_price, pay_id, pay_time, ship_sn, ship_channel, ship_time, confirm_time, comments, end_time, add_time, update_time, deleted from litemall_order WHERE ( order_status = ? and add_time < ? and deleted = ? ) 
2019-08-06 00:03:47,194 DEBUG [scheduling-1] o.l.l.d.d.L.selectByExample [BaseJdbcLogger.java : 159] ==> Parameters: 101(Short), 2019-08-06 00:01:47.1902594(Timestamp), false(Boolean)
2019-08-06 00:03:47,204 DEBUG [scheduling-1] o.l.l.d.d.L.selectByExample [BaseJdbcLogger.java : 159] <==      Total: 0
2019-08-06 00:33:47,080 INFO [scheduling-1] o.l.litemall.admin.job.CouponJob [CouponJob.java : 36] 系统开启任务检查优惠券是否已经过期
2019-08-06 00:33:47,084 DEBUG [scheduling-1] o.l.l.d.d.L.selectByExample [BaseJdbcLogger.java : 159] ==>  Preparing: select id, `name`, `desc`, tag, total, discount, `min`, `limit`, `type`, `status`, goods_type, goods_value, code, time_type, `days`, start_time, end_time, add_time, update_time, deleted from litemall_coupon WHERE ( `status` = ? and time_type = ? and end_time < ? and deleted = ? ) 
2019-08-06 00:33:47,085 DEBUG [scheduling-1] o.l.l.d.d.L.selectByExample [BaseJdbcLogger.java : 159] ==> Parameters: 0(Short), 1(Short), 2019-08-06 00:33:47.0812034(Timestamp), false(Boolean)
2019-08-06 00:33:47,087 DEBUG [scheduling-1] o.l.l.d.d.L.selectByExample [BaseJdbcLogger.java : 159] <==      Total: 0
2019-08-06 00:33:47,089 DEBUG [scheduling-1] o.l.l.d.d.L.selectByExample [BaseJdbcLogger.java : 159] ==>  Preparing: select id, user_id, coupon_id, `status`, used_time, start_time, end_time, order_id, add_time, update_time, deleted from litemall_coupon_user WHERE ( `status` = ? and end_time < ? and deleted = ? ) 
2019-08-06 00:33:47,089 DEBUG [scheduling-1] o.l.l.d.d.L.selectByExample [BaseJdbcLogger.java : 159] ==> Parameters: 0(Short), 2019-08-06 00:33:47.0881854(Timestamp), false(Boolean)
2019-08-06 00:33:47,090 DEBUG [scheduling-1] o.l.l.d.d.L.selectByExample [BaseJdbcLogger.java : 159] <==      Total: 0
2019-08-06 00:33:47,206 INFO [scheduling-1] o.l.litemall.admin.job.OrderJob [OrderJob.java : 46] 系统开启任务检查订单是否已经超期自动取消订单
2019-08-06 00:33:47,208 DEBUG [scheduling-1] o.l.l.d.d.L.selectByExample [BaseJdbcLogger.java : 159] ==>  Preparing: select id, user_id, order_sn, order_status, consignee, mobile, address, message, goods_price, freight_price, coupon_price, integral_price, groupon_price, order_price, actual_price, pay_id, pay_time, ship_sn, ship_channel, ship_time, confirm_time, comments, end_time, add_time, update_time, deleted from litemall_order WHERE ( order_status = ? and add_time < ? and deleted = ? ) 
2019-08-06 00:33:47,208 DEBUG [scheduling-1] o.l.l.d.d.L.selectByExample [BaseJdbcLogger.java : 159] ==> Parameters: 101(Short), 2019-08-06 00:31:47.2068658(Timestamp), false(Boolean)
2019-08-06 00:33:47,209 DEBUG [scheduling-1] o.l.l.d.d.L.selectByExample [BaseJdbcLogger.java : 159] <==      Total: 0
2019-08-06 01:03:47,215 INFO [scheduling-1] o.l.litemall.admin.job.OrderJob [OrderJob.java : 46] 系统开启任务检查订单是否已经超期自动取消订单
2019-08-06 01:03:47,217 DEBUG [scheduling-1] o.l.l.d.d.L.selectByExample [BaseJdbcLogger.java : 159] ==>  Preparing: select id, user_id, order_sn, order_status, consignee, mobile, address, message, goods_price, freight_price, coupon_price, integral_price, groupon_price, order_price, actual_price, pay_id, pay_time, ship_sn, ship_channel, ship_time, confirm_time, comments, end_time, add_time, update_time, deleted from litemall_order WHERE ( order_status = ? and add_time < ? and deleted = ? ) 
2019-08-06 01:03:47,217 DEBUG [scheduling-1] o.l.l.d.d.L.selectByExample [BaseJdbcLogger.java : 159] ==> Parameters: 101(Short), 2019-08-06 01:01:47.2154975(Timestamp), false(Boolean)
2019-08-06 01:03:47,219 DEBUG [scheduling-1] o.l.l.d.d.L.selectByExample [BaseJdbcLogger.java : 159] <==      Total: 0
2019-08-06 01:33:47,091 INFO [scheduling-1] o.l.litemall.admin.job.CouponJob [CouponJob.java : 36] 系统开启任务检查优惠券是否已经过期
2019-08-06 01:33:47,101 DEBUG [scheduling-1] o.l.l.d.d.L.selectByExample [BaseJdbcLogger.java : 159] ==>  Preparing: select id, `name`, `desc`, tag, total, discount, `min`, `limit`, `type`, `status`, goods_type, goods_value, code, time_type, `days`, start_time, end_time, add_time, update_time, deleted from litemall_coupon WHERE ( `status` = ? and time_type = ? and end_time < ? and deleted = ? ) 
2019-08-06 01:33:47,104 DEBUG [scheduling-1] o.l.l.d.d.L.selectByExample [BaseJdbcLogger.java : 159] ==> Parameters: 0(Short), 1(Short), 2019-08-06 01:33:47.0952953(Timestamp), false(Boolean)
2019-08-06 01:33:47,109 DEBUG [scheduling-1] o.l.l.d.d.L.selectByExample [BaseJdbcLogger.java : 159] <==      Total: 0
2019-08-06 01:33:47,114 DEBUG [scheduling-1] o.l.l.d.d.L.selectByExample [BaseJdbcLogger.java : 159] ==>  Preparing: select id, user_id, coupon_id, `status`, used_time, start_time, end_time, order_id, add_time, update_time, deleted from litemall_coupon_user WHERE ( `status` = ? and end_time < ? and deleted = ? ) 
2019-08-06 01:33:47,115 DEBUG [scheduling-1] o.l.l.d.d.L.selectByExample [BaseJdbcLogger.java : 159] ==> Parameters: 0(Short), 2019-08-06 01:33:47.1122454(Timestamp), false(Boolean)
2019-08-06 01:33:47,118 DEBUG [scheduling-1] o.l.l.d.d.L.selectByExample [BaseJdbcLogger.java : 159] <==      Total: 0
2019-08-06 01:33:47,220 INFO [scheduling-1] o.l.litemall.admin.job.OrderJob [OrderJob.java : 46] 系统开启任务检查订单是否已经超期自动取消订单
2019-08-06 01:33:47,222 DEBUG [scheduling-1] o.l.l.d.d.L.selectByExample [BaseJdbcLogger.java : 159] ==>  Preparing: select id, user_id, order_sn, order_status, consignee, mobile, address, message, goods_price, freight_price, coupon_price, integral_price, groupon_price, order_price, actual_price, pay_id, pay_time, ship_sn, ship_channel, ship_time, confirm_time, comments, end_time, add_time, update_time, deleted from litemall_order WHERE ( order_status = ? and add_time < ? and deleted = ? ) 
2019-08-06 01:33:47,222 DEBUG [scheduling-1] o.l.l.d.d.L.selectByExample [BaseJdbcLogger.java : 159] ==> Parameters: 101(Short), 2019-08-06 01:31:47.2219527(Timestamp), false(Boolean)
2019-08-06 01:33:47,224 DEBUG [scheduling-1] o.l.l.d.d.L.selectByExample [BaseJdbcLogger.java : 159] <==      Total: 0
2019-08-06 02:03:47,228 INFO [scheduling-1] o.l.litemall.admin.job.OrderJob [OrderJob.java : 46] 系统开启任务检查订单是否已经超期自动取消订单
2019-08-06 02:03:47,229 DEBUG [scheduling-1] o.l.l.d.d.L.selectByExample [BaseJdbcLogger.java : 159] ==>  Preparing: select id, user_id, order_sn, order_status, consignee, mobile, address, message, goods_price, freight_price, coupon_price, integral_price, groupon_price, order_price, actual_price, pay_id, pay_time, ship_sn, ship_channel, ship_time, confirm_time, comments, end_time, add_time, update_time, deleted from litemall_order WHERE ( order_status = ? and add_time < ? and deleted = ? ) 
2019-08-06 02:03:47,230 DEBUG [scheduling-1] o.l.l.d.d.L.selectByExample [BaseJdbcLogger.java : 159] ==> Parameters: 101(Short), 2019-08-06 02:01:47.2285843(Timestamp), false(Boolean)
2019-08-06 02:03:47,231 DEBUG [scheduling-1] o.l.l.d.d.L.selectByExample [BaseJdbcLogger.java : 159] <==      Total: 0
2019-08-06 02:33:47,120 INFO [scheduling-1] o.l.litemall.admin.job.CouponJob [CouponJob.java : 36] 系统开启任务检查优惠券是否已经过期
2019-08-06 02:33:47,125 DEBUG [scheduling-1] o.l.l.d.d.L.selectByExample [BaseJdbcLogger.java : 159] ==>  Preparing: select id, `name`, `desc`, tag, total, discount, `min`, `limit`, `type`, `status`, goods_type, goods_value, code, time_type, `days`, start_time, end_time, add_time, update_time, deleted from litemall_coupon WHERE ( `status` = ? and time_type = ? and end_time < ? and deleted = ? ) 
2019-08-06 02:33:47,126 DEBUG [scheduling-1] o.l.l.d.d.L.selectByExample [BaseJdbcLogger.java : 159] ==> Parameters: 0(Short), 1(Short), 2019-08-06 02:33:47.1215245(Timestamp), false(Boolean)
2019-08-06 02:33:47,127 DEBUG [scheduling-1] o.l.l.d.d.L.selectByExample [BaseJdbcLogger.java : 159] <==      Total: 0
2019-08-06 02:33:47,129 DEBUG [scheduling-1] o.l.l.d.d.L.selectByExample [BaseJdbcLogger.java : 159] ==>  Preparing: select id, user_id, coupon_id, `status`, used_time, start_time, end_time, order_id, add_time, update_time, deleted from litemall_coupon_user WHERE ( `status` = ? and end_time < ? and deleted = ? ) 
2019-08-06 02:33:47,130 DEBUG [scheduling-1] o.l.l.d.d.L.selectByExample [BaseJdbcLogger.java : 159] ==> Parameters: 0(Short), 2019-08-06 02:33:47.1285065(Timestamp), false(Boolean)
2019-08-06 02:33:47,131 DEBUG [scheduling-1] o.l.l.d.d.L.selectByExample [BaseJdbcLogger.java : 159] <==      Total: 0
2019-08-06 02:33:47,234 INFO [scheduling-1] o.l.litemall.admin.job.OrderJob [OrderJob.java : 46] 系统开启任务检查订单是否已经超期自动取消订单
2019-08-06 02:33:47,236 DEBUG [scheduling-1] o.l.l.d.d.L.selectByExample [BaseJdbcLogger.java : 159] ==>  Preparing: select id, user_id, order_sn, order_status, consignee, mobile, address, message, goods_price, freight_price, coupon_price, integral_price, groupon_price, order_price, actual_price, pay_id, pay_time, ship_sn, ship_channel, ship_time, confirm_time, comments, end_time, add_time, update_time, deleted from litemall_order WHERE ( order_status = ? and add_time < ? and deleted = ? ) 
2019-08-06 02:33:47,237 DEBUG [scheduling-1] o.l.l.d.d.L.selectByExample [BaseJdbcLogger.java : 159] ==> Parameters: 101(Short), 2019-08-06 02:31:47.2352243(Timestamp), false(Boolean)
2019-08-06 02:33:47,238 DEBUG [scheduling-1] o.l.l.d.d.L.selectByExample [BaseJdbcLogger.java : 159] <==      Total: 0
2019-08-06 03:00:00,008 INFO [scheduling-1] o.l.litemall.admin.job.OrderJob [OrderJob.java : 82] 系统开启任务检查订单是否已经超期自动确认收货
2019-08-06 03:00:00,011 DEBUG [scheduling-1] o.l.l.d.d.L.selectByExample [BaseJdbcLogger.java : 159] ==>  Preparing: select id, user_id, order_sn, order_status, consignee, mobile, address, message, goods_price, freight_price, coupon_price, integral_price, groupon_price, order_price, actual_price, pay_id, pay_time, ship_sn, ship_channel, ship_time, confirm_time, comments, end_time, add_time, update_time, deleted from litemall_order WHERE ( order_status = ? and ship_time < ? and deleted = ? ) 
2019-08-06 03:00:00,020 DEBUG [scheduling-1] o.l.l.d.d.L.selectByExample [BaseJdbcLogger.java : 159] ==> Parameters: 301(Short), 2019-07-30 03:00:00.0084977(Timestamp), false(Boolean)
2019-08-06 03:00:00,023 DEBUG [scheduling-1] o.l.l.d.d.L.selectByExample [BaseJdbcLogger.java : 159] <==      Total: 0
2019-08-06 03:03:47,240 INFO [scheduling-1] o.l.litemall.admin.job.OrderJob [OrderJob.java : 46] 系统开启任务检查订单是否已经超期自动取消订单
2019-08-06 03:03:47,241 DEBUG [scheduling-1] o.l.l.d.d.L.selectByExample [BaseJdbcLogger.java : 159] ==>  Preparing: select id, user_id, order_sn, order_status, consignee, mobile, address, message, goods_price, freight_price, coupon_price, integral_price, groupon_price, order_price, actual_price, pay_id, pay_time, ship_sn, ship_channel, ship_time, confirm_time, comments, end_time, add_time, update_time, deleted from litemall_order WHERE ( order_status = ? and add_time < ? and deleted = ? ) 
2019-08-06 03:03:47,242 DEBUG [scheduling-1] o.l.l.d.d.L.selectByExample [BaseJdbcLogger.java : 159] ==> Parameters: 101(Short), 2019-08-06 03:01:47.2418553(Timestamp), false(Boolean)
2019-08-06 03:03:47,243 DEBUG [scheduling-1] o.l.l.d.d.L.selectByExample [BaseJdbcLogger.java : 159] <==      Total: 0
2019-08-06 03:33:47,132 INFO [scheduling-1] o.l.litemall.admin.job.CouponJob [CouponJob.java : 36] 系统开启任务检查优惠券是否已经过期
2019-08-06 03:33:47,136 DEBUG [scheduling-1] o.l.l.d.d.L.selectByExample [BaseJdbcLogger.java : 159] ==>  Preparing: select id, `name`, `desc`, tag, total, discount, `min`, `limit`, `type`, `status`, goods_type, goods_value, code, time_type, `days`, start_time, end_time, add_time, update_time, deleted from litemall_coupon WHERE ( `status` = ? and time_type = ? and end_time < ? and deleted = ? ) 
2019-08-06 03:33:47,138 DEBUG [scheduling-1] o.l.l.d.d.L.selectByExample [BaseJdbcLogger.java : 159] ==> Parameters: 0(Short), 1(Short), 2019-08-06 03:33:47.1337972(Timestamp), false(Boolean)
2019-08-06 03:33:47,139 DEBUG [scheduling-1] o.l.l.d.d.L.selectByExample [BaseJdbcLogger.java : 159] <==      Total: 0
2019-08-06 03:33:47,141 DEBUG [scheduling-1] o.l.l.d.d.L.selectByExample [BaseJdbcLogger.java : 159] ==>  Preparing: select id, user_id, coupon_id, `status`, used_time, start_time, end_time, order_id, add_time, update_time, deleted from litemall_coupon_user WHERE ( `status` = ? and end_time < ? and deleted = ? ) 
2019-08-06 03:33:47,142 DEBUG [scheduling-1] o.l.l.d.d.L.selectByExample [BaseJdbcLogger.java : 159] ==> Parameters: 0(Short), 2019-08-06 03:33:47.1407797(Timestamp), false(Boolean)
2019-08-06 03:33:47,143 DEBUG [scheduling-1] o.l.l.d.d.L.selectByExample [BaseJdbcLogger.java : 159] <==      Total: 0
2019-08-06 03:33:47,247 INFO [scheduling-1] o.l.litemall.admin.job.OrderJob [OrderJob.java : 46] 系统开启任务检查订单是否已经超期自动取消订单
2019-08-06 03:33:47,249 DEBUG [scheduling-1] o.l.l.d.d.L.selectByExample [BaseJdbcLogger.java : 159] ==>  Preparing: select id, user_id, order_sn, order_status, consignee, mobile, address, message, goods_price, freight_price, coupon_price, integral_price, groupon_price, order_price, actual_price, pay_id, pay_time, ship_sn, ship_channel, ship_time, confirm_time, comments, end_time, add_time, update_time, deleted from litemall_order WHERE ( order_status = ? and add_time < ? and deleted = ? ) 
2019-08-06 03:33:47,249 DEBUG [scheduling-1] o.l.l.d.d.L.selectByExample [BaseJdbcLogger.java : 159] ==> Parameters: 101(Short), 2019-08-06 03:31:47.2484891(Timestamp), false(Boolean)
2019-08-06 03:33:47,251 DEBUG [scheduling-1] o.l.l.d.d.L.selectByExample [BaseJdbcLogger.java : 159] <==      Total: 0
2019-08-06 04:00:00,003 INFO [scheduling-1] o.l.litemall.admin.job.OrderJob [OrderJob.java : 109] 系统开启任务检查订单是否已经超期未评价
2019-08-06 04:00:00,007 DEBUG [scheduling-1] o.l.l.d.d.L.selectByExample [BaseJdbcLogger.java : 159] ==>  Preparing: select id, user_id, order_sn, order_status, consignee, mobile, address, message, goods_price, freight_price, coupon_price, integral_price, groupon_price, order_price, actual_price, pay_id, pay_time, ship_sn, ship_channel, ship_time, confirm_time, comments, end_time, add_time, update_time, deleted from litemall_order WHERE ( comments > ? and confirm_time < ? and deleted = ? ) 
2019-08-06 04:00:00,016 DEBUG [scheduling-1] o.l.l.d.d.L.selectByExample [BaseJdbcLogger.java : 159] ==> Parameters: 0(Short), 2019-07-27 04:00:00.0048119(Timestamp), false(Boolean)
2019-08-06 04:00:00,018 DEBUG [scheduling-1] o.l.l.d.d.L.selectByExample [BaseJdbcLogger.java : 159] <==      Total: 0
2019-08-06 04:03:47,257 INFO [scheduling-1] o.l.litemall.admin.job.OrderJob [OrderJob.java : 46] 系统开启任务检查订单是否已经超期自动取消订单
2019-08-06 04:03:47,259 DEBUG [scheduling-1] o.l.l.d.d.L.selectByExample [BaseJdbcLogger.java : 159] ==>  Preparing: select id, user_id, order_sn, order_status, consignee, mobile, address, message, goods_price, freight_price, coupon_price, integral_price, groupon_price, order_price, actual_price, pay_id, pay_time, ship_sn, ship_channel, ship_time, confirm_time, comments, end_time, add_time, update_time, deleted from litemall_order WHERE ( order_status = ? and add_time < ? and deleted = ? ) 
2019-08-06 04:03:47,259 DEBUG [scheduling-1] o.l.l.d.d.L.selectByExample [BaseJdbcLogger.java : 159] ==> Parameters: 101(Short), 2019-08-06 04:01:47.2581175(Timestamp), false(Boolean)
2019-08-06 04:03:47,260 DEBUG [scheduling-1] o.l.l.d.d.L.selectByExample [BaseJdbcLogger.java : 159] <==      Total: 0
2019-08-06 04:33:47,145 INFO [scheduling-1] o.l.litemall.admin.job.CouponJob [CouponJob.java : 36] 系统开启任务检查优惠券是否已经过期
2019-08-06 04:33:47,147 DEBUG [scheduling-1] o.l.l.d.d.L.selectByExample [BaseJdbcLogger.java : 159] ==>  Preparing: select id, `name`, `desc`, tag, total, discount, `min`, `limit`, `type`, `status`, goods_type, goods_value, code, time_type, `days`, start_time, end_time, add_time, update_time, deleted from litemall_coupon WHERE ( `status` = ? and time_type = ? and end_time < ? and deleted = ? ) 
2019-08-06 04:33:47,148 DEBUG [scheduling-1] o.l.l.d.d.L.selectByExample [BaseJdbcLogger.java : 159] ==> Parameters: 0(Short), 1(Short), 2019-08-06 04:33:47.1460687(Timestamp), false(Boolean)
2019-08-06 04:33:47,149 DEBUG [scheduling-1] o.l.l.d.d.L.selectByExample [BaseJdbcLogger.java : 159] <==      Total: 0
2019-08-06 04:33:47,151 DEBUG [scheduling-1] o.l.l.d.d.L.selectByExample [BaseJdbcLogger.java : 159] ==>  Preparing: select id, user_id, coupon_id, `status`, used_time, start_time, end_time, order_id, add_time, update_time, deleted from litemall_coupon_user WHERE ( `status` = ? and end_time < ? and deleted = ? ) 
2019-08-06 04:33:47,152 DEBUG [scheduling-1] o.l.l.d.d.L.selectByExample [BaseJdbcLogger.java : 159] ==> Parameters: 0(Short), 2019-08-06 04:33:47.1500594(Timestamp), false(Boolean)
2019-08-06 04:33:47,153 DEBUG [scheduling-1] o.l.l.d.d.L.selectByExample [BaseJdbcLogger.java : 159] <==      Total: 0
2019-08-06 04:33:47,263 INFO [scheduling-1] o.l.litemall.admin.job.OrderJob [OrderJob.java : 46] 系统开启任务检查订单是否已经超期自动取消订单
2019-08-06 04:33:47,265 DEBUG [scheduling-1] o.l.l.d.d.L.selectByExample [BaseJdbcLogger.java : 159] ==>  Preparing: select id, user_id, order_sn, order_status, consignee, mobile, address, message, goods_price, freight_price, coupon_price, integral_price, groupon_price, order_price, actual_price, pay_id, pay_time, ship_sn, ship_channel, ship_time, confirm_time, comments, end_time, add_time, update_time, deleted from litemall_order WHERE ( order_status = ? and add_time < ? and deleted = ? ) 
2019-08-06 04:33:47,265 DEBUG [scheduling-1] o.l.l.d.d.L.selectByExample [BaseJdbcLogger.java : 159] ==> Parameters: 101(Short), 2019-08-06 04:31:47.2647497(Timestamp), false(Boolean)
2019-08-06 04:33:47,266 DEBUG [scheduling-1] o.l.l.d.d.L.selectByExample [BaseJdbcLogger.java : 159] <==      Total: 0
2019-08-06 05:03:47,271 INFO [scheduling-1] o.l.litemall.admin.job.OrderJob [OrderJob.java : 46] 系统开启任务检查订单是否已经超期自动取消订单
2019-08-06 05:03:47,273 DEBUG [scheduling-1] o.l.l.d.d.L.selectByExample [BaseJdbcLogger.java : 159] ==>  Preparing: select id, user_id, order_sn, order_status, consignee, mobile, address, message, goods_price, freight_price, coupon_price, integral_price, groupon_price, order_price, actual_price, pay_id, pay_time, ship_sn, ship_channel, ship_time, confirm_time, comments, end_time, add_time, update_time, deleted from litemall_order WHERE ( order_status = ? and add_time < ? and deleted = ? ) 
2019-08-06 05:03:47,274 DEBUG [scheduling-1] o.l.l.d.d.L.selectByExample [BaseJdbcLogger.java : 159] ==> Parameters: 101(Short), 2019-08-06 05:01:47.2713852(Timestamp), false(Boolean)
2019-08-06 05:03:47,275 DEBUG [scheduling-1] o.l.l.d.d.L.selectByExample [BaseJdbcLogger.java : 159] <==      Total: 0
2019-08-06 05:33:47,153 INFO [scheduling-1] o.l.litemall.admin.job.CouponJob [CouponJob.java : 36] 系统开启任务检查优惠券是否已经过期
2019-08-06 05:33:47,159 DEBUG [scheduling-1] o.l.l.d.d.L.selectByExample [BaseJdbcLogger.java : 159] ==>  Preparing: select id, `name`, `desc`, tag, total, discount, `min`, `limit`, `type`, `status`, goods_type, goods_value, code, time_type, `days`, start_time, end_time, add_time, update_time, deleted from litemall_coupon WHERE ( `status` = ? and time_type = ? and end_time < ? and deleted = ? ) 
2019-08-06 05:33:47,160 DEBUG [scheduling-1] o.l.l.d.d.L.selectByExample [BaseJdbcLogger.java : 159] ==> Parameters: 0(Short), 1(Short), 2019-08-06 05:33:47.15435(Timestamp), false(Boolean)
2019-08-06 05:33:47,163 DEBUG [scheduling-1] o.l.l.d.d.L.selectByExample [BaseJdbcLogger.java : 159] <==      Total: 0
2019-08-06 05:33:47,166 DEBUG [scheduling-1] o.l.l.d.d.L.selectByExample [BaseJdbcLogger.java : 159] ==>  Preparing: select id, user_id, coupon_id, `status`, used_time, start_time, end_time, order_id, add_time, update_time, deleted from litemall_coupon_user WHERE ( `status` = ? and end_time < ? and deleted = ? ) 
2019-08-06 05:33:47,167 DEBUG [scheduling-1] o.l.l.d.d.L.selectByExample [BaseJdbcLogger.java : 159] ==> Parameters: 0(Short), 2019-08-06 05:33:47.165321(Timestamp), false(Boolean)
2019-08-06 05:33:47,168 DEBUG [scheduling-1] o.l.l.d.d.L.selectByExample [BaseJdbcLogger.java : 159] <==      Total: 0
2019-08-06 05:33:47,278 INFO [scheduling-1] o.l.litemall.admin.job.OrderJob [OrderJob.java : 46] 系统开启任务检查订单是否已经超期自动取消订单
2019-08-06 05:33:47,280 DEBUG [scheduling-1] o.l.l.d.d.L.selectByExample [BaseJdbcLogger.java : 159] ==>  Preparing: select id, user_id, order_sn, order_status, consignee, mobile, address, message, goods_price, freight_price, coupon_price, integral_price, groupon_price, order_price, actual_price, pay_id, pay_time, ship_sn, ship_channel, ship_time, confirm_time, comments, end_time, add_time, update_time, deleted from litemall_order WHERE ( order_status = ? and add_time < ? and deleted = ? ) 
2019-08-06 05:33:47,281 DEBUG [scheduling-1] o.l.l.d.d.L.selectByExample [BaseJdbcLogger.java : 159] ==> Parameters: 101(Short), 2019-08-06 05:31:47.2790168(Timestamp), false(Boolean)
2019-08-06 05:33:47,283 DEBUG [scheduling-1] o.l.l.d.d.L.selectByExample [BaseJdbcLogger.java : 159] <==      Total: 0
2019-08-06 06:03:47,288 INFO [scheduling-1] o.l.litemall.admin.job.OrderJob [OrderJob.java : 46] 系统开启任务检查订单是否已经超期自动取消订单
2019-08-06 06:03:47,291 DEBUG [scheduling-1] o.l.l.d.d.L.selectByExample [BaseJdbcLogger.java : 159] ==>  Preparing: select id, user_id, order_sn, order_status, consignee, mobile, address, message, goods_price, freight_price, coupon_price, integral_price, groupon_price, order_price, actual_price, pay_id, pay_time, ship_sn, ship_channel, ship_time, confirm_time, comments, end_time, add_time, update_time, deleted from litemall_order WHERE ( order_status = ? and add_time < ? and deleted = ? ) 
2019-08-06 06:03:47,292 DEBUG [scheduling-1] o.l.l.d.d.L.selectByExample [BaseJdbcLogger.java : 159] ==> Parameters: 101(Short), 2019-08-06 06:01:47.2886839(Timestamp), false(Boolean)
2019-08-06 06:03:47,294 DEBUG [scheduling-1] o.l.l.d.d.L.selectByExample [BaseJdbcLogger.java : 159] <==      Total: 0
2019-08-06 06:33:47,171 INFO [scheduling-1] o.l.litemall.admin.job.CouponJob [CouponJob.java : 36] 系统开启任务检查优惠券是否已经过期
2019-08-06 06:33:47,174 DEBUG [scheduling-1] o.l.l.d.d.L.selectByExample [BaseJdbcLogger.java : 159] ==>  Preparing: select id, `name`, `desc`, tag, total, discount, `min`, `limit`, `type`, `status`, goods_type, goods_value, code, time_type, `days`, start_time, end_time, add_time, update_time, deleted from litemall_coupon WHERE ( `status` = ? and time_type = ? and end_time < ? and deleted = ? ) 
2019-08-06 06:33:47,175 DEBUG [scheduling-1] o.l.l.d.d.L.selectByExample [BaseJdbcLogger.java : 159] ==> Parameters: 0(Short), 1(Short), 2019-08-06 06:33:47.1717272(Timestamp), false(Boolean)
2019-08-06 06:33:47,177 DEBUG [scheduling-1] o.l.l.d.d.L.selectByExample [BaseJdbcLogger.java : 159] <==      Total: 0
2019-08-06 06:33:47,181 DEBUG [scheduling-1] o.l.l.d.d.L.selectByExample [BaseJdbcLogger.java : 159] ==>  Preparing: select id, user_id, coupon_id, `status`, used_time, start_time, end_time, order_id, add_time, update_time, deleted from litemall_coupon_user WHERE ( `status` = ? and end_time < ? and deleted = ? ) 
2019-08-06 06:33:47,181 DEBUG [scheduling-1] o.l.l.d.d.L.selectByExample [BaseJdbcLogger.java : 159] ==> Parameters: 0(Short), 2019-08-06 06:33:47.1807009(Timestamp), false(Boolean)
2019-08-06 06:33:47,183 DEBUG [scheduling-1] o.l.l.d.d.L.selectByExample [BaseJdbcLogger.java : 159] <==      Total: 0
2019-08-06 06:33:47,296 INFO [scheduling-1] o.l.litemall.admin.job.OrderJob [OrderJob.java : 46] 系统开启任务检查订单是否已经超期自动取消订单
2019-08-06 06:33:47,297 DEBUG [scheduling-1] o.l.l.d.d.L.selectByExample [BaseJdbcLogger.java : 159] ==>  Preparing: select id, user_id, order_sn, order_status, consignee, mobile, address, message, goods_price, freight_price, coupon_price, integral_price, groupon_price, order_price, actual_price, pay_id, pay_time, ship_sn, ship_channel, ship_time, confirm_time, comments, end_time, add_time, update_time, deleted from litemall_order WHERE ( order_status = ? and add_time < ? and deleted = ? ) 
2019-08-06 06:33:47,298 DEBUG [scheduling-1] o.l.l.d.d.L.selectByExample [BaseJdbcLogger.java : 159] ==> Parameters: 101(Short), 2019-08-06 06:31:47.2964237(Timestamp), false(Boolean)
2019-08-06 06:33:47,299 DEBUG [scheduling-1] o.l.l.d.d.L.selectByExample [BaseJdbcLogger.java : 159] <==      Total: 0
2019-08-06 07:03:47,306 INFO [scheduling-1] o.l.litemall.admin.job.OrderJob [OrderJob.java : 46] 系统开启任务检查订单是否已经超期自动取消订单
2019-08-06 07:03:47,314 DEBUG [scheduling-1] o.l.l.d.d.L.selectByExample [BaseJdbcLogger.java : 159] ==>  Preparing: select id, user_id, order_sn, order_status, consignee, mobile, address, message, goods_price, freight_price, coupon_price, integral_price, groupon_price, order_price, actual_price, pay_id, pay_time, ship_sn, ship_channel, ship_time, confirm_time, comments, end_time, add_time, update_time, deleted from litemall_order WHERE ( order_status = ? and add_time < ? and deleted = ? ) 
2019-08-06 07:03:47,316 DEBUG [scheduling-1] o.l.l.d.d.L.selectByExample [BaseJdbcLogger.java : 159] ==> Parameters: 101(Short), 2019-08-06 07:01:47.3094029(Timestamp), false(Boolean)
2019-08-06 07:03:47,318 DEBUG [scheduling-1] o.l.l.d.d.L.selectByExample [BaseJdbcLogger.java : 159] <==      Total: 0
2019-08-06 07:33:47,189 INFO [scheduling-1] o.l.litemall.admin.job.CouponJob [CouponJob.java : 36] 系统开启任务检查优惠券是否已经过期
2019-08-06 07:33:47,193 DEBUG [scheduling-1] o.l.l.d.d.L.selectByExample [BaseJdbcLogger.java : 159] ==>  Preparing: select id, `name`, `desc`, tag, total, discount, `min`, `limit`, `type`, `status`, goods_type, goods_value, code, time_type, `days`, start_time, end_time, add_time, update_time, deleted from litemall_coupon WHERE ( `status` = ? and time_type = ? and end_time < ? and deleted = ? ) 
2019-08-06 07:33:47,194 DEBUG [scheduling-1] o.l.l.d.d.L.selectByExample [BaseJdbcLogger.java : 159] ==> Parameters: 0(Short), 1(Short), 2019-08-06 07:33:47.1897172(Timestamp), false(Boolean)
2019-08-06 07:33:47,195 DEBUG [scheduling-1] o.l.l.d.d.L.selectByExample [BaseJdbcLogger.java : 159] <==      Total: 0
2019-08-06 07:33:47,198 DEBUG [scheduling-1] o.l.l.d.d.L.selectByExample [BaseJdbcLogger.java : 159] ==>  Preparing: select id, user_id, coupon_id, `status`, used_time, start_time, end_time, order_id, add_time, update_time, deleted from litemall_coupon_user WHERE ( `status` = ? and end_time < ? and deleted = ? ) 
2019-08-06 07:33:47,199 DEBUG [scheduling-1] o.l.l.d.d.L.selectByExample [BaseJdbcLogger.java : 159] ==> Parameters: 0(Short), 2019-08-06 07:33:47.196698(Timestamp), false(Boolean)
2019-08-06 07:33:47,200 DEBUG [scheduling-1] o.l.l.d.d.L.selectByExample [BaseJdbcLogger.java : 159] <==      Total: 0
2019-08-06 07:33:47,320 INFO [scheduling-1] o.l.litemall.admin.job.OrderJob [OrderJob.java : 46] 系统开启任务检查订单是否已经超期自动取消订单
2019-08-06 07:33:47,321 DEBUG [scheduling-1] o.l.l.d.d.L.selectByExample [BaseJdbcLogger.java : 159] ==>  Preparing: select id, user_id, order_sn, order_status, consignee, mobile, address, message, goods_price, freight_price, coupon_price, integral_price, groupon_price, order_price, actual_price, pay_id, pay_time, ship_sn, ship_channel, ship_time, confirm_time, comments, end_time, add_time, update_time, deleted from litemall_order WHERE ( order_status = ? and add_time < ? and deleted = ? ) 
2019-08-06 07:33:47,322 DEBUG [scheduling-1] o.l.l.d.d.L.selectByExample [BaseJdbcLogger.java : 159] ==> Parameters: 101(Short), 2019-08-06 07:31:47.3213677(Timestamp), false(Boolean)
2019-08-06 07:33:47,323 DEBUG [scheduling-1] o.l.l.d.d.L.selectByExample [BaseJdbcLogger.java : 159] <==      Total: 0
2019-08-06 08:03:47,327 INFO [scheduling-1] o.l.litemall.admin.job.OrderJob [OrderJob.java : 46] 系统开启任务检查订单是否已经超期自动取消订单
2019-08-06 08:03:47,329 DEBUG [scheduling-1] o.l.l.d.d.L.selectByExample [BaseJdbcLogger.java : 159] ==>  Preparing: select id, user_id, order_sn, order_status, consignee, mobile, address, message, goods_price, freight_price, coupon_price, integral_price, groupon_price, order_price, actual_price, pay_id, pay_time, ship_sn, ship_channel, ship_time, confirm_time, comments, end_time, add_time, update_time, deleted from litemall_order WHERE ( order_status = ? and add_time < ? and deleted = ? ) 
2019-08-06 08:03:47,330 DEBUG [scheduling-1] o.l.l.d.d.L.selectByExample [BaseJdbcLogger.java : 159] ==> Parameters: 101(Short), 2019-08-06 08:01:47.3288446(Timestamp), false(Boolean)
2019-08-06 08:03:47,331 DEBUG [scheduling-1] o.l.l.d.d.L.selectByExample [BaseJdbcLogger.java : 159] <==      Total: 0
2019-08-06 08:33:47,203 INFO [scheduling-1] o.l.litemall.admin.job.CouponJob [CouponJob.java : 36] 系统开启任务检查优惠券是否已经过期
2019-08-06 08:33:47,210 DEBUG [scheduling-1] o.l.l.d.d.L.selectByExample [BaseJdbcLogger.java : 159] ==>  Preparing: select id, `name`, `desc`, tag, total, discount, `min`, `limit`, `type`, `status`, goods_type, goods_value, code, time_type, `days`, start_time, end_time, add_time, update_time, deleted from litemall_coupon WHERE ( `status` = ? and time_type = ? and end_time < ? and deleted = ? ) 
2019-08-06 08:33:47,212 DEBUG [scheduling-1] o.l.l.d.d.L.selectByExample [BaseJdbcLogger.java : 159] ==> Parameters: 0(Short), 1(Short), 2019-08-06 08:33:47.2057183(Timestamp), false(Boolean)
2019-08-06 08:33:47,214 DEBUG [scheduling-1] o.l.l.d.d.L.selectByExample [BaseJdbcLogger.java : 159] <==      Total: 0
2019-08-06 08:33:47,217 DEBUG [scheduling-1] o.l.l.d.d.L.selectByExample [BaseJdbcLogger.java : 159] ==>  Preparing: select id, user_id, coupon_id, `status`, used_time, start_time, end_time, order_id, add_time, update_time, deleted from litemall_coupon_user WHERE ( `status` = ? and end_time < ? and deleted = ? ) 
2019-08-06 08:33:47,217 DEBUG [scheduling-1] o.l.l.d.d.L.selectByExample [BaseJdbcLogger.java : 159] ==> Parameters: 0(Short), 2019-08-06 08:33:47.2156944(Timestamp), false(Boolean)
2019-08-06 08:33:47,218 DEBUG [scheduling-1] o.l.l.d.d.L.selectByExample [BaseJdbcLogger.java : 159] <==      Total: 0
2019-08-06 08:33:47,335 INFO [scheduling-1] o.l.litemall.admin.job.OrderJob [OrderJob.java : 46] 系统开启任务检查订单是否已经超期自动取消订单
2019-08-06 08:33:47,337 DEBUG [scheduling-1] o.l.l.d.d.L.selectByExample [BaseJdbcLogger.java : 159] ==>  Preparing: select id, user_id, order_sn, order_status, consignee, mobile, address, message, goods_price, freight_price, coupon_price, integral_price, groupon_price, order_price, actual_price, pay_id, pay_time, ship_sn, ship_channel, ship_time, confirm_time, comments, end_time, add_time, update_time, deleted from litemall_order WHERE ( order_status = ? and add_time < ? and deleted = ? ) 
2019-08-06 08:33:47,338 DEBUG [scheduling-1] o.l.l.d.d.L.selectByExample [BaseJdbcLogger.java : 159] ==> Parameters: 101(Short), 2019-08-06 08:31:47.3363693(Timestamp), false(Boolean)
2019-08-06 08:33:47,339 DEBUG [scheduling-1] o.l.l.d.d.L.selectByExample [BaseJdbcLogger.java : 159] <==      Total: 0
2019-08-06 09:03:47,343 INFO [scheduling-1] o.l.litemall.admin.job.OrderJob [OrderJob.java : 46] 系统开启任务检查订单是否已经超期自动取消订单
2019-08-06 09:03:47,344 DEBUG [scheduling-1] o.l.l.d.d.L.selectByExample [BaseJdbcLogger.java : 159] ==>  Preparing: select id, user_id, order_sn, order_status, consignee, mobile, address, message, goods_price, freight_price, coupon_price, integral_price, groupon_price, order_price, actual_price, pay_id, pay_time, ship_sn, ship_channel, ship_time, confirm_time, comments, end_time, add_time, update_time, deleted from litemall_order WHERE ( order_status = ? and add_time < ? and deleted = ? ) 
2019-08-06 09:03:47,345 DEBUG [scheduling-1] o.l.l.d.d.L.selectByExample [BaseJdbcLogger.java : 159] ==> Parameters: 101(Short), 2019-08-06 09:01:47.3439845(Timestamp), false(Boolean)
2019-08-06 09:03:47,346 DEBUG [scheduling-1] o.l.l.d.d.L.selectByExample [BaseJdbcLogger.java : 159] <==      Total: 0
2019-08-06 09:33:47,221 INFO [scheduling-1] o.l.litemall.admin.job.CouponJob [CouponJob.java : 36] 系统开启任务检查优惠券是否已经过期
2019-08-06 09:33:47,226 DEBUG [scheduling-1] o.l.l.d.d.L.selectByExample [BaseJdbcLogger.java : 159] ==>  Preparing: select id, `name`, `desc`, tag, total, discount, `min`, `limit`, `type`, `status`, goods_type, goods_value, code, time_type, `days`, start_time, end_time, add_time, update_time, deleted from litemall_coupon WHERE ( `status` = ? and time_type = ? and end_time < ? and deleted = ? ) 
2019-08-06 09:33:47,227 DEBUG [scheduling-1] o.l.l.d.d.L.selectByExample [BaseJdbcLogger.java : 159] ==> Parameters: 0(Short), 1(Short), 2019-08-06 09:33:47.2223595(Timestamp), false(Boolean)
2019-08-06 09:33:47,230 DEBUG [scheduling-1] o.l.l.d.d.L.selectByExample [BaseJdbcLogger.java : 159] <==      Total: 0
2019-08-06 09:33:47,232 DEBUG [scheduling-1] o.l.l.d.d.L.selectByExample [BaseJdbcLogger.java : 159] ==>  Preparing: select id, user_id, coupon_id, `status`, used_time, start_time, end_time, order_id, add_time, update_time, deleted from litemall_coupon_user WHERE ( `status` = ? and end_time < ? and deleted = ? ) 
2019-08-06 09:33:47,233 DEBUG [scheduling-1] o.l.l.d.d.L.selectByExample [BaseJdbcLogger.java : 159] ==> Parameters: 0(Short), 2019-08-06 09:33:47.2303387(Timestamp), false(Boolean)
2019-08-06 09:33:47,234 DEBUG [scheduling-1] o.l.l.d.d.L.selectByExample [BaseJdbcLogger.java : 159] <==      Total: 0
2019-08-06 09:33:47,350 INFO [scheduling-1] o.l.litemall.admin.job.OrderJob [OrderJob.java : 46] 系统开启任务检查订单是否已经超期自动取消订单
2019-08-06 09:33:47,351 DEBUG [scheduling-1] o.l.l.d.d.L.selectByExample [BaseJdbcLogger.java : 159] ==>  Preparing: select id, user_id, order_sn, order_status, consignee, mobile, address, message, goods_price, freight_price, coupon_price, integral_price, groupon_price, order_price, actual_price, pay_id, pay_time, ship_sn, ship_channel, ship_time, confirm_time, comments, end_time, add_time, update_time, deleted from litemall_order WHERE ( order_status = ? and add_time < ? and deleted = ? ) 
2019-08-06 09:33:47,352 DEBUG [scheduling-1] o.l.l.d.d.L.selectByExample [BaseJdbcLogger.java : 159] ==> Parameters: 101(Short), 2019-08-06 09:31:47.3500198(Timestamp), false(Boolean)
2019-08-06 09:33:47,353 DEBUG [scheduling-1] o.l.l.d.d.L.selectByExample [BaseJdbcLogger.java : 159] <==      Total: 0
